#
# A fatal error has been detected by the Java Runtime Environment:
#
#  EXCEPTION_ACCESS_VIOLATION (0xc0000005) at pc=0x00007ff9910b6f00, pid=11416, tid=16020
#
# JRE version: Java(TM) SE Runtime Environment (14.0+36) (build 14+36-1461)
# Java VM: Java HotSpot(TM) 64-Bit Server VM (14+36-1461, mixed mode, sharing, tiered, compressed oops, g1 gc, windows-amd64)
# Problematic frame:
# C  [glfw.dll+0x6f00]
#
# No core dump will be written. Minidumps are not enabled by default on client versions of Windows
#
# If you would like to submit a bug report, please visit:
#   https://bugreport.java.com/bugreport/crash.jsp
# The crash happened outside the Java Virtual Machine in native code.
# See problematic frame for where to report the bug.
#

---------------  S U M M A R Y ------------

Command Line: -Dfile.encoding=windows-1252 -Duser.country=US -Duser.language=en -Duser.variant Main

Host: Intel(R) Core(TM) i7-7700HQ CPU @ 2.80GHz, 8 cores, 15G,  Windows 10 , 64 bit Build 19041 (10.0.19041.1348)
Time: Fri Dec  3 01:55:05 2021 Turkey Standard Time elapsed time: 5 seconds (0d 0h 0m 5s)

---------------  T H R E A D  ---------------

Current thread (0x000002b6c31e0800):  JavaThread "main" [_thread_in_native, id=16020, stack(0x000000e2ae000000,0x000000e2ae100000)]

Stack: [0x000000e2ae000000,0x000000e2ae100000],  sp=0x000000e2ae0ff270,  free space=1020k
Native frames: (J=compiled Java code, j=interpreted, Vv=VM code, C=native code)
C  [glfw.dll+0x6f00]

Java frames: (J=compiled Java code, j=interpreted, Vv=VM code)
j  org.lwjgl.system.JNI.invokePV(JJ)V+0
j  org.lwjgl.glfw.GLFW.glfwDestroyWindow(J)V+6
j  Engine.Window.close()V+6
j  Engine.Window.loop()V+87
j  Engine.Window.run()V+19
j  Main.main([Ljava/lang/String;)V+5
v  ~StubRoutines::call_stub

siginfo: EXCEPTION_ACCESS_VIOLATION (0xc0000005), reading address 0x0000000000000000


Register to memory mapping:

RIP=0x00007ff9910b6f00 glfw.dll
RAX=0x0 is NULL
RBX=0x000002b6e787bec0 points into unknown readable memory: 00 00 00 00 00 00 00 00
RCX=0x0 is NULL
RDX=0x00007ff991107000 glfw.dll
RSP=0x000000e2ae0ff270 is pointing into the stack for thread: 0x000002b6c31e0800
RBP=0x000000e2ae0ff328 is pointing into the stack for thread: 0x000002b6c31e0800
RSI=0x0000000000000148 is an unknown value
RDI=0x00000000000001da is an unknown value
R8 =0x000002b6e787bec0 points into unknown readable memory: 00 00 00 00 00 00 00 00
R9 =0x00007ff9910b6e50 glfw.dll
R10=0x000002b6cb99f3e8 is at code_begin+1000 in an Interpreter codelet
method entry point (kind = native)  [0x000002b6cb99f000, 0x000002b6cb99faa0]  2720 bytes
R11=0x00000007113fa618 is an oop: java.lang.Class 
{0x00000007113fa618} - klass: 'java/lang/Class'
R12=0x0 is NULL
R13={method} {0x000002b6e7463428} 'invokePV' '(JJ)V' in 'org/lwjgl/system/JNI'
R14=0x000000e2ae0ff360 is pointing into the stack for thread: 0x000002b6c31e0800
R15=0x000002b6c31e0800 is a thread


Registers:
RAX=0x0000000000000000, RBX=0x000002b6e787bec0, RCX=0x0000000000000000, RDX=0x00007ff991107000
RSP=0x000000e2ae0ff270, RBP=0x000000e2ae0ff328, RSI=0x0000000000000148, RDI=0x00000000000001da
R8 =0x000002b6e787bec0, R9 =0x00007ff9910b6e50, R10=0x000002b6cb99f3e8, R11=0x00000007113fa618
R12=0x0000000000000000, R13=0x000002b6e7463420, R14=0x000000e2ae0ff360, R15=0x000002b6c31e0800
RIP=0x00007ff9910b6f00, EFLAGS=0x0000000000010283

Top of Stack: (sp=0x000000e2ae0ff270)
0x000000e2ae0ff270:   000002b6e787bec0 000000e2ae0ff3a0
0x000000e2ae0ff280:   0000000000000148 00007ff9bc5b5d3e
0x000000e2ae0ff290:   000002b6e7463420 000002b6cb99f417
0x000000e2ae0ff2a0:   000002b6e7d741a0 0000000000000148
0x000000e2ae0ff2b0:   ffffffffb9010c63 00007ff9bc282751
0x000000e2ae0ff2c0:   0000000000000000 0000000000000148
0x000000e2ae0ff2d0:   0000000000000000 0000000000000000
0x000000e2ae0ff2e0:   000000e2ae0ff2e0 0000000000000000
0x000000e2ae0ff2f0:   000000e2ae0ff360 000002b6e7492940
0x000000e2ae0ff300:   0000000000000000 00000007113fa618
0x000000e2ae0ff310:   000002b6e7463420 0000000000000000
0x000000e2ae0ff320:   000000e2ae0ff348 000000e2ae0ff3b0
0x000000e2ae0ff330:   000002b6cb99a1b3 00000007113fa618
0x000000e2ae0ff340:   000002b6cb99c398 00007ff9910b6e50
0x000000e2ae0ff350:   0000000000000000 000002b6e787bec0
0x000000e2ae0ff360:   0000000000000000 000000e2ae0ff368 

Instructions: (pc=0x00007ff9910b6f00)
0x00007ff9910b6e00:   18 00 00 00 66 0f 6f 05 b4 e7 03 00 f3 0f 7f 05
0x00007ff9910b6e10:   0c fe 04 00 c7 05 16 fe 04 00 08 00 00 00 c7 05
0x00007ff9910b6e20:   30 fe 04 00 01 00 00 00 c7 05 b6 01 05 00 ff ff
0x00007ff9910b6e30:   ff ff c7 05 68 fe 04 00 01 00 00 00 48 83 c4 28
0x00007ff9910b6e40:   c3 cc cc cc cc cc cc cc cc cc cc cc cc cc cc cc
0x00007ff9910b6e50:   40 53 48 83 ec 20 83 3d 33 fb 04 00 00 48 8b d9
0x00007ff9910b6e60:   75 11 33 d2 b9 01 00 01 00 48 83 c4 20 5b e9 bd
0x00007ff9910b6e70:   af ff ff 48 85 db 0f 84 a5 00 00 00 0f 57 c0 33
0x00007ff9910b6e80:   c0 0f 11 81 d0 02 00 00 0f 11 81 e0 02 00 00 0f
0x00007ff9910b6e90:   11 81 f0 02 00 00 0f 11 81 00 03 00 00 0f 11 81
0x00007ff9910b6ea0:   10 03 00 00 0f 11 81 20 03 00 00 0f 11 81 30 03
0x00007ff9910b6eb0:   00 00 0f 11 81 40 03 00 00 48 89 81 50 03 00 00
0x00007ff9910b6ec0:   48 8d 0d 65 13 05 00 e8 b4 41 00 00 48 3b d8 75
0x00007ff9910b6ed0:   07 33 c9 e8 a8 ad ff ff 48 8b cb ff 15 c7 fb 04
0x00007ff9910b6ee0:   00 48 8b 0d 18 01 05 00 48 8d 15 11 01 05 00 48
0x00007ff9910b6ef0:   3b cb 74 1a 0f 1f 40 00 0f 1f 84 00 00 00 00 00
0x00007ff9910b6f00:   48 8b 01 48 8b d1 48 8b c8 48 3b c3 75 f2 48 8b
0x00007ff9910b6f10:   03 48 8b cb 48 89 02 48 83 c4 20 5b e9 7f b4 ff
0x00007ff9910b6f20:   ff 48 83 c4 20 5b c3 cc cc cc cc cc cc cc cc cc
0x00007ff9910b6f30:   83 3d 59 fa 04 00 00 75 0c 33 d2 b9 01 00 01 00
0x00007ff9910b6f40:   e9 eb ae ff ff 48 ff 25 ec fb 04 00 cc cc cc cc
0x00007ff9910b6f50:   33 c0 48 85 d2 74 02 89 02 4d 85 c0 74 03 41 89
0x00007ff9910b6f60:   00 39 05 29 fa 04 00 75 0c 33 d2 b9 01 00 01 00
0x00007ff9910b6f70:   e9 bb ae ff ff 48 ff 25 74 fb 04 00 cc cc cc cc
0x00007ff9910b6f80:   48 83 ec 28 83 3d 05 fa 04 00 00 75 13 33 d2 b9
0x00007ff9910b6f90:   01 00 01 00 e8 97 ae ff ff 33 c0 48 83 c4 28 c3
0x00007ff9910b6fa0:   81 fa 10 10 02 00 0f 8f a5 00 00 00 0f 84 97 00
0x00007ff9910b6fb0:   00 00 8d 82 ff ff fd ff 83 f8 0c 0f 87 2e 01 00
0x00007ff9910b6fc0:   00 48 98 4c 8d 05 36 90 ff ff 41 8b 84 80 0c 71
0x00007ff9910b6fd0:   00 00 49 03 c0 ff e0 48 83 c4 28 48 ff 25 66 fb
0x00007ff9910b6fe0:   04 00 48 83 c4 28 48 ff 25 63 fb 04 00 48 83 c4
0x00007ff9910b6ff0:   28 48 ff 25 60 fb 04 00 48 83 c4 28 48 ff 25 5d 


Stack slot to memory mapping:
stack at sp + 0 slots: 0x000002b6e787bec0 points into unknown readable memory: 00 00 00 00 00 00 00 00
stack at sp + 1 slots: 0x000000e2ae0ff3a0 is pointing into the stack for thread: 0x000002b6c31e0800
stack at sp + 2 slots: 0x0000000000000148 is an unknown value
stack at sp + 3 slots: 0x00007ff9bc5b5d3e KERNELBASE.dll
stack at sp + 4 slots: {method} {0x000002b6e7463428} 'invokePV' '(JJ)V' in 'org/lwjgl/system/JNI'
stack at sp + 5 slots: 0x000002b6cb99f417 is at code_begin+1047 in an Interpreter codelet
method entry point (kind = native)  [0x000002b6cb99f000, 0x000002b6cb99faa0]  2720 bytes
stack at sp + 6 slots: 0x000002b6e7d741a0 points into unknown readable memory: c0 35 d7 e7 b6 02 00 00
stack at sp + 7 slots: 0x0000000000000148 is an unknown value


---------------  P R O C E S S  ---------------

Threads class SMR info:
_java_thread_list=0x000002b6e8205b70, length=11, elements={
0x000002b6c31e0800, 0x000002b6e6f83800, 0x000002b6e6f86000, 0x000002b6e7823000,
0x000002b6e7826000, 0x000002b6e7828000, 0x000002b6e7832000, 0x000002b6e7838000,
0x000002b6e783d000, 0x000002b6e7996800, 0x000002b6e799c800
}

Java Threads: ( => current thread )
=>0x000002b6c31e0800 JavaThread "main" [_thread_in_native, id=16020, stack(0x000000e2ae000000,0x000000e2ae100000)]
  0x000002b6e6f83800 JavaThread "Reference Handler" daemon [_thread_blocked, id=15376, stack(0x000000e2ae700000,0x000000e2ae800000)]
  0x000002b6e6f86000 JavaThread "Finalizer" daemon [_thread_blocked, id=14392, stack(0x000000e2ae800000,0x000000e2ae900000)]
  0x000002b6e7823000 JavaThread "Signal Dispatcher" daemon [_thread_blocked, id=3884, stack(0x000000e2ae900000,0x000000e2aea00000)]
  0x000002b6e7826000 JavaThread "Attach Listener" daemon [_thread_blocked, id=16028, stack(0x000000e2aea00000,0x000000e2aeb00000)]
  0x000002b6e7828000 JavaThread "Service Thread" daemon [_thread_blocked, id=11204, stack(0x000000e2aeb00000,0x000000e2aec00000)]
  0x000002b6e7832000 JavaThread "C2 CompilerThread0" daemon [_thread_blocked, id=14276, stack(0x000000e2aec00000,0x000000e2aed00000)]
  0x000002b6e7838000 JavaThread "C1 CompilerThread0" daemon [_thread_blocked, id=7012, stack(0x000000e2aed00000,0x000000e2aee00000)]
  0x000002b6e783d000 JavaThread "Sweeper thread" daemon [_thread_blocked, id=9276, stack(0x000000e2aee00000,0x000000e2aef00000)]
  0x000002b6e7996800 JavaThread "Notification Thread" daemon [_thread_blocked, id=1572, stack(0x000000e2aef00000,0x000000e2af000000)]
  0x000002b6e799c800 JavaThread "Common-Cleaner" daemon [_thread_blocked, id=16116, stack(0x000000e2af100000,0x000000e2af200000)]

Other Threads:
  0x000002b6e6f81000 VMThread "VM Thread" [stack: 0x000000e2ae600000,0x000000e2ae700000] [id=10684]
  0x000002b6e799b000 WatcherThread [stack: 0x000000e2af000000,0x000000e2af100000] [id=15920]
  0x000002b6c3249000 GCTaskThread "GC Thread#0" [stack: 0x000000e2ae100000,0x000000e2ae200000] [id=16304]
  0x000002b6c326a800 ConcurrentGCThread "G1 Main Marker" [stack: 0x000000e2ae200000,0x000000e2ae300000] [id=12164]
  0x000002b6c326d000 ConcurrentGCThread "G1 Conc#0" [stack: 0x000000e2ae300000,0x000000e2ae400000] [id=9664]
  0x000002b6e6e69000 ConcurrentGCThread "G1 Refine#0" [stack: 0x000000e2ae400000,0x000000e2ae500000] [id=15160]
  0x000002b6e6e6a000 ConcurrentGCThread "G1 Young RemSet Sampling" [stack: 0x000000e2ae500000,0x000000e2ae600000] [id=11188]

Threads with active compile tasks:

VM state:not at safepoint (normal execution)

VM Mutex/Monitor currently owned by a thread: None

Heap address: 0x0000000701a00000, size: 4070 MB, Compressed Oops mode: Zero based, Oop shift amount: 3
Narrow klass base: 0x0000000800000000, Narrow klass shift: 3
Compressed class space size: 1073741824 Address: 0x0000000800b30000

Heap:
 garbage-first heap   total 262144K, used 9216K [0x0000000701a00000, 0x0000000800000000)
  region size 1024K, 10 young (10240K), 0 survivors (0K)
 Metaspace       used 3320K, capacity 6466K, committed 6784K, reserved 1056768K
  class space    used 217K, capacity 528K, committed 640K, reserved 1048576K
Heap Regions: E=young(eden), S=young(survivor), O=old, HS=humongous(starts), HC=humongous(continues), CS=collection set, F=free, OA=open archive, CA=closed archive, TAMS=top-at-mark-start (previous, next)
|   0|0x0000000701a00000, 0x0000000701a00000, 0x0000000701b00000|  0%| F|  |TAMS 0x0000000701a00000, 0x0000000701a00000| Untracked 
|   1|0x0000000701b00000, 0x0000000701b00000, 0x0000000701c00000|  0%| F|  |TAMS 0x0000000701b00000, 0x0000000701b00000| Untracked 
|   2|0x0000000701c00000, 0x0000000701c00000, 0x0000000701d00000|  0%| F|  |TAMS 0x0000000701c00000, 0x0000000701c00000| Untracked 
|   3|0x0000000701d00000, 0x0000000701d00000, 0x0000000701e00000|  0%| F|  |TAMS 0x0000000701d00000, 0x0000000701d00000| Untracked 
|   4|0x0000000701e00000, 0x0000000701e00000, 0x0000000701f00000|  0%| F|  |TAMS 0x0000000701e00000, 0x0000000701e00000| Untracked 
|   5|0x0000000701f00000, 0x0000000701f00000, 0x0000000702000000|  0%| F|  |TAMS 0x0000000701f00000, 0x0000000701f00000| Untracked 
|   6|0x0000000702000000, 0x0000000702000000, 0x0000000702100000|  0%| F|  |TAMS 0x0000000702000000, 0x0000000702000000| Untracked 
|   7|0x0000000702100000, 0x0000000702100000, 0x0000000702200000|  0%| F|  |TAMS 0x0000000702100000, 0x0000000702100000| Untracked 
|   8|0x0000000702200000, 0x0000000702200000, 0x0000000702300000|  0%| F|  |TAMS 0x0000000702200000, 0x0000000702200000| Untracked 
|   9|0x0000000702300000, 0x0000000702300000, 0x0000000702400000|  0%| F|  |TAMS 0x0000000702300000, 0x0000000702300000| Untracked 
|  10|0x0000000702400000, 0x0000000702400000, 0x0000000702500000|  0%| F|  |TAMS 0x0000000702400000, 0x0000000702400000| Untracked 
|  11|0x0000000702500000, 0x0000000702500000, 0x0000000702600000|  0%| F|  |TAMS 0x0000000702500000, 0x0000000702500000| Untracked 
|  12|0x0000000702600000, 0x0000000702600000, 0x0000000702700000|  0%| F|  |TAMS 0x0000000702600000, 0x0000000702600000| Untracked 
|  13|0x0000000702700000, 0x0000000702700000, 0x0000000702800000|  0%| F|  |TAMS 0x0000000702700000, 0x0000000702700000| Untracked 
|  14|0x0000000702800000, 0x0000000702800000, 0x0000000702900000|  0%| F|  |TAMS 0x0000000702800000, 0x0000000702800000| Untracked 
|  15|0x0000000702900000, 0x0000000702900000, 0x0000000702a00000|  0%| F|  |TAMS 0x0000000702900000, 0x0000000702900000| Untracked 
|  16|0x0000000702a00000, 0x0000000702a00000, 0x0000000702b00000|  0%| F|  |TAMS 0x0000000702a00000, 0x0000000702a00000| Untracked 
|  17|0x0000000702b00000, 0x0000000702b00000, 0x0000000702c00000|  0%| F|  |TAMS 0x0000000702b00000, 0x0000000702b00000| Untracked 
|  18|0x0000000702c00000, 0x0000000702c00000, 0x0000000702d00000|  0%| F|  |TAMS 0x0000000702c00000, 0x0000000702c00000| Untracked 
|  19|0x0000000702d00000, 0x0000000702d00000, 0x0000000702e00000|  0%| F|  |TAMS 0x0000000702d00000, 0x0000000702d00000| Untracked 
|  20|0x0000000702e00000, 0x0000000702e00000, 0x0000000702f00000|  0%| F|  |TAMS 0x0000000702e00000, 0x0000000702e00000| Untracked 
|  21|0x0000000702f00000, 0x0000000702f00000, 0x0000000703000000|  0%| F|  |TAMS 0x0000000702f00000, 0x0000000702f00000| Untracked 
|  22|0x0000000703000000, 0x0000000703000000, 0x0000000703100000|  0%| F|  |TAMS 0x0000000703000000, 0x0000000703000000| Untracked 
|  23|0x0000000703100000, 0x0000000703100000, 0x0000000703200000|  0%| F|  |TAMS 0x0000000703100000, 0x0000000703100000| Untracked 
|  24|0x0000000703200000, 0x0000000703200000, 0x0000000703300000|  0%| F|  |TAMS 0x0000000703200000, 0x0000000703200000| Untracked 
|  25|0x0000000703300000, 0x0000000703300000, 0x0000000703400000|  0%| F|  |TAMS 0x0000000703300000, 0x0000000703300000| Untracked 
|  26|0x0000000703400000, 0x0000000703400000, 0x0000000703500000|  0%| F|  |TAMS 0x0000000703400000, 0x0000000703400000| Untracked 
|  27|0x0000000703500000, 0x0000000703500000, 0x0000000703600000|  0%| F|  |TAMS 0x0000000703500000, 0x0000000703500000| Untracked 
|  28|0x0000000703600000, 0x0000000703600000, 0x0000000703700000|  0%| F|  |TAMS 0x0000000703600000, 0x0000000703600000| Untracked 
|  29|0x0000000703700000, 0x0000000703700000, 0x0000000703800000|  0%| F|  |TAMS 0x0000000703700000, 0x0000000703700000| Untracked 
|  30|0x0000000703800000, 0x0000000703800000, 0x0000000703900000|  0%| F|  |TAMS 0x0000000703800000, 0x0000000703800000| Untracked 
|  31|0x0000000703900000, 0x0000000703900000, 0x0000000703a00000|  0%| F|  |TAMS 0x0000000703900000, 0x0000000703900000| Untracked 
|  32|0x0000000703a00000, 0x0000000703a00000, 0x0000000703b00000|  0%| F|  |TAMS 0x0000000703a00000, 0x0000000703a00000| Untracked 
|  33|0x0000000703b00000, 0x0000000703b00000, 0x0000000703c00000|  0%| F|  |TAMS 0x0000000703b00000, 0x0000000703b00000| Untracked 
|  34|0x0000000703c00000, 0x0000000703c00000, 0x0000000703d00000|  0%| F|  |TAMS 0x0000000703c00000, 0x0000000703c00000| Untracked 
|  35|0x0000000703d00000, 0x0000000703d00000, 0x0000000703e00000|  0%| F|  |TAMS 0x0000000703d00000, 0x0000000703d00000| Untracked 
|  36|0x0000000703e00000, 0x0000000703e00000, 0x0000000703f00000|  0%| F|  |TAMS 0x0000000703e00000, 0x0000000703e00000| Untracked 
|  37|0x0000000703f00000, 0x0000000703f00000, 0x0000000704000000|  0%| F|  |TAMS 0x0000000703f00000, 0x0000000703f00000| Untracked 
|  38|0x0000000704000000, 0x0000000704000000, 0x0000000704100000|  0%| F|  |TAMS 0x0000000704000000, 0x0000000704000000| Untracked 
|  39|0x0000000704100000, 0x0000000704100000, 0x0000000704200000|  0%| F|  |TAMS 0x0000000704100000, 0x0000000704100000| Untracked 
|  40|0x0000000704200000, 0x0000000704200000, 0x0000000704300000|  0%| F|  |TAMS 0x0000000704200000, 0x0000000704200000| Untracked 
|  41|0x0000000704300000, 0x0000000704300000, 0x0000000704400000|  0%| F|  |TAMS 0x0000000704300000, 0x0000000704300000| Untracked 
|  42|0x0000000704400000, 0x0000000704400000, 0x0000000704500000|  0%| F|  |TAMS 0x0000000704400000, 0x0000000704400000| Untracked 
|  43|0x0000000704500000, 0x0000000704500000, 0x0000000704600000|  0%| F|  |TAMS 0x0000000704500000, 0x0000000704500000| Untracked 
|  44|0x0000000704600000, 0x0000000704600000, 0x0000000704700000|  0%| F|  |TAMS 0x0000000704600000, 0x0000000704600000| Untracked 
|  45|0x0000000704700000, 0x0000000704700000, 0x0000000704800000|  0%| F|  |TAMS 0x0000000704700000, 0x0000000704700000| Untracked 
|  46|0x0000000704800000, 0x0000000704800000, 0x0000000704900000|  0%| F|  |TAMS 0x0000000704800000, 0x0000000704800000| Untracked 
|  47|0x0000000704900000, 0x0000000704900000, 0x0000000704a00000|  0%| F|  |TAMS 0x0000000704900000, 0x0000000704900000| Untracked 
|  48|0x0000000704a00000, 0x0000000704a00000, 0x0000000704b00000|  0%| F|  |TAMS 0x0000000704a00000, 0x0000000704a00000| Untracked 
|  49|0x0000000704b00000, 0x0000000704b00000, 0x0000000704c00000|  0%| F|  |TAMS 0x0000000704b00000, 0x0000000704b00000| Untracked 
|  50|0x0000000704c00000, 0x0000000704c00000, 0x0000000704d00000|  0%| F|  |TAMS 0x0000000704c00000, 0x0000000704c00000| Untracked 
|  51|0x0000000704d00000, 0x0000000704d00000, 0x0000000704e00000|  0%| F|  |TAMS 0x0000000704d00000, 0x0000000704d00000| Untracked 
|  52|0x0000000704e00000, 0x0000000704e00000, 0x0000000704f00000|  0%| F|  |TAMS 0x0000000704e00000, 0x0000000704e00000| Untracked 
|  53|0x0000000704f00000, 0x0000000704f00000, 0x0000000705000000|  0%| F|  |TAMS 0x0000000704f00000, 0x0000000704f00000| Untracked 
|  54|0x0000000705000000, 0x0000000705000000, 0x0000000705100000|  0%| F|  |TAMS 0x0000000705000000, 0x0000000705000000| Untracked 
|  55|0x0000000705100000, 0x0000000705100000, 0x0000000705200000|  0%| F|  |TAMS 0x0000000705100000, 0x0000000705100000| Untracked 
|  56|0x0000000705200000, 0x0000000705200000, 0x0000000705300000|  0%| F|  |TAMS 0x0000000705200000, 0x0000000705200000| Untracked 
|  57|0x0000000705300000, 0x0000000705300000, 0x0000000705400000|  0%| F|  |TAMS 0x0000000705300000, 0x0000000705300000| Untracked 
|  58|0x0000000705400000, 0x0000000705400000, 0x0000000705500000|  0%| F|  |TAMS 0x0000000705400000, 0x0000000705400000| Untracked 
|  59|0x0000000705500000, 0x0000000705500000, 0x0000000705600000|  0%| F|  |TAMS 0x0000000705500000, 0x0000000705500000| Untracked 
|  60|0x0000000705600000, 0x0000000705600000, 0x0000000705700000|  0%| F|  |TAMS 0x0000000705600000, 0x0000000705600000| Untracked 
|  61|0x0000000705700000, 0x0000000705700000, 0x0000000705800000|  0%| F|  |TAMS 0x0000000705700000, 0x0000000705700000| Untracked 
|  62|0x0000000705800000, 0x0000000705800000, 0x0000000705900000|  0%| F|  |TAMS 0x0000000705800000, 0x0000000705800000| Untracked 
|  63|0x0000000705900000, 0x0000000705900000, 0x0000000705a00000|  0%| F|  |TAMS 0x0000000705900000, 0x0000000705900000| Untracked 
|  64|0x0000000705a00000, 0x0000000705a00000, 0x0000000705b00000|  0%| F|  |TAMS 0x0000000705a00000, 0x0000000705a00000| Untracked 
|  65|0x0000000705b00000, 0x0000000705b00000, 0x0000000705c00000|  0%| F|  |TAMS 0x0000000705b00000, 0x0000000705b00000| Untracked 
|  66|0x0000000705c00000, 0x0000000705c00000, 0x0000000705d00000|  0%| F|  |TAMS 0x0000000705c00000, 0x0000000705c00000| Untracked 
|  67|0x0000000705d00000, 0x0000000705d00000, 0x0000000705e00000|  0%| F|  |TAMS 0x0000000705d00000, 0x0000000705d00000| Untracked 
|  68|0x0000000705e00000, 0x0000000705e00000, 0x0000000705f00000|  0%| F|  |TAMS 0x0000000705e00000, 0x0000000705e00000| Untracked 
|  69|0x0000000705f00000, 0x0000000705f00000, 0x0000000706000000|  0%| F|  |TAMS 0x0000000705f00000, 0x0000000705f00000| Untracked 
|  70|0x0000000706000000, 0x0000000706000000, 0x0000000706100000|  0%| F|  |TAMS 0x0000000706000000, 0x0000000706000000| Untracked 
|  71|0x0000000706100000, 0x0000000706100000, 0x0000000706200000|  0%| F|  |TAMS 0x0000000706100000, 0x0000000706100000| Untracked 
|  72|0x0000000706200000, 0x0000000706200000, 0x0000000706300000|  0%| F|  |TAMS 0x0000000706200000, 0x0000000706200000| Untracked 
|  73|0x0000000706300000, 0x0000000706300000, 0x0000000706400000|  0%| F|  |TAMS 0x0000000706300000, 0x0000000706300000| Untracked 
|  74|0x0000000706400000, 0x0000000706400000, 0x0000000706500000|  0%| F|  |TAMS 0x0000000706400000, 0x0000000706400000| Untracked 
|  75|0x0000000706500000, 0x0000000706500000, 0x0000000706600000|  0%| F|  |TAMS 0x0000000706500000, 0x0000000706500000| Untracked 
|  76|0x0000000706600000, 0x0000000706600000, 0x0000000706700000|  0%| F|  |TAMS 0x0000000706600000, 0x0000000706600000| Untracked 
|  77|0x0000000706700000, 0x0000000706700000, 0x0000000706800000|  0%| F|  |TAMS 0x0000000706700000, 0x0000000706700000| Untracked 
|  78|0x0000000706800000, 0x0000000706800000, 0x0000000706900000|  0%| F|  |TAMS 0x0000000706800000, 0x0000000706800000| Untracked 
|  79|0x0000000706900000, 0x0000000706900000, 0x0000000706a00000|  0%| F|  |TAMS 0x0000000706900000, 0x0000000706900000| Untracked 
|  80|0x0000000706a00000, 0x0000000706a00000, 0x0000000706b00000|  0%| F|  |TAMS 0x0000000706a00000, 0x0000000706a00000| Untracked 
|  81|0x0000000706b00000, 0x0000000706b00000, 0x0000000706c00000|  0%| F|  |TAMS 0x0000000706b00000, 0x0000000706b00000| Untracked 
|  82|0x0000000706c00000, 0x0000000706c00000, 0x0000000706d00000|  0%| F|  |TAMS 0x0000000706c00000, 0x0000000706c00000| Untracked 
|  83|0x0000000706d00000, 0x0000000706d00000, 0x0000000706e00000|  0%| F|  |TAMS 0x0000000706d00000, 0x0000000706d00000| Untracked 
|  84|0x0000000706e00000, 0x0000000706e00000, 0x0000000706f00000|  0%| F|  |TAMS 0x0000000706e00000, 0x0000000706e00000| Untracked 
|  85|0x0000000706f00000, 0x0000000706f00000, 0x0000000707000000|  0%| F|  |TAMS 0x0000000706f00000, 0x0000000706f00000| Untracked 
|  86|0x0000000707000000, 0x0000000707000000, 0x0000000707100000|  0%| F|  |TAMS 0x0000000707000000, 0x0000000707000000| Untracked 
|  87|0x0000000707100000, 0x0000000707100000, 0x0000000707200000|  0%| F|  |TAMS 0x0000000707100000, 0x0000000707100000| Untracked 
|  88|0x0000000707200000, 0x0000000707200000, 0x0000000707300000|  0%| F|  |TAMS 0x0000000707200000, 0x0000000707200000| Untracked 
|  89|0x0000000707300000, 0x0000000707300000, 0x0000000707400000|  0%| F|  |TAMS 0x0000000707300000, 0x0000000707300000| Untracked 
|  90|0x0000000707400000, 0x0000000707400000, 0x0000000707500000|  0%| F|  |TAMS 0x0000000707400000, 0x0000000707400000| Untracked 
|  91|0x0000000707500000, 0x0000000707500000, 0x0000000707600000|  0%| F|  |TAMS 0x0000000707500000, 0x0000000707500000| Untracked 
|  92|0x0000000707600000, 0x0000000707600000, 0x0000000707700000|  0%| F|  |TAMS 0x0000000707600000, 0x0000000707600000| Untracked 
|  93|0x0000000707700000, 0x0000000707700000, 0x0000000707800000|  0%| F|  |TAMS 0x0000000707700000, 0x0000000707700000| Untracked 
|  94|0x0000000707800000, 0x0000000707800000, 0x0000000707900000|  0%| F|  |TAMS 0x0000000707800000, 0x0000000707800000| Untracked 
|  95|0x0000000707900000, 0x0000000707900000, 0x0000000707a00000|  0%| F|  |TAMS 0x0000000707900000, 0x0000000707900000| Untracked 
|  96|0x0000000707a00000, 0x0000000707a00000, 0x0000000707b00000|  0%| F|  |TAMS 0x0000000707a00000, 0x0000000707a00000| Untracked 
|  97|0x0000000707b00000, 0x0000000707b00000, 0x0000000707c00000|  0%| F|  |TAMS 0x0000000707b00000, 0x0000000707b00000| Untracked 
|  98|0x0000000707c00000, 0x0000000707c00000, 0x0000000707d00000|  0%| F|  |TAMS 0x0000000707c00000, 0x0000000707c00000| Untracked 
|  99|0x0000000707d00000, 0x0000000707d00000, 0x0000000707e00000|  0%| F|  |TAMS 0x0000000707d00000, 0x0000000707d00000| Untracked 
| 100|0x0000000707e00000, 0x0000000707e00000, 0x0000000707f00000|  0%| F|  |TAMS 0x0000000707e00000, 0x0000000707e00000| Untracked 
| 101|0x0000000707f00000, 0x0000000707f00000, 0x0000000708000000|  0%| F|  |TAMS 0x0000000707f00000, 0x0000000707f00000| Untracked 
| 102|0x0000000708000000, 0x0000000708000000, 0x0000000708100000|  0%| F|  |TAMS 0x0000000708000000, 0x0000000708000000| Untracked 
| 103|0x0000000708100000, 0x0000000708100000, 0x0000000708200000|  0%| F|  |TAMS 0x0000000708100000, 0x0000000708100000| Untracked 
| 104|0x0000000708200000, 0x0000000708200000, 0x0000000708300000|  0%| F|  |TAMS 0x0000000708200000, 0x0000000708200000| Untracked 
| 105|0x0000000708300000, 0x0000000708300000, 0x0000000708400000|  0%| F|  |TAMS 0x0000000708300000, 0x0000000708300000| Untracked 
| 106|0x0000000708400000, 0x0000000708400000, 0x0000000708500000|  0%| F|  |TAMS 0x0000000708400000, 0x0000000708400000| Untracked 
| 107|0x0000000708500000, 0x0000000708500000, 0x0000000708600000|  0%| F|  |TAMS 0x0000000708500000, 0x0000000708500000| Untracked 
| 108|0x0000000708600000, 0x0000000708600000, 0x0000000708700000|  0%| F|  |TAMS 0x0000000708600000, 0x0000000708600000| Untracked 
| 109|0x0000000708700000, 0x0000000708700000, 0x0000000708800000|  0%| F|  |TAMS 0x0000000708700000, 0x0000000708700000| Untracked 
| 110|0x0000000708800000, 0x0000000708800000, 0x0000000708900000|  0%| F|  |TAMS 0x0000000708800000, 0x0000000708800000| Untracked 
| 111|0x0000000708900000, 0x0000000708900000, 0x0000000708a00000|  0%| F|  |TAMS 0x0000000708900000, 0x0000000708900000| Untracked 
| 112|0x0000000708a00000, 0x0000000708a00000, 0x0000000708b00000|  0%| F|  |TAMS 0x0000000708a00000, 0x0000000708a00000| Untracked 
| 113|0x0000000708b00000, 0x0000000708b00000, 0x0000000708c00000|  0%| F|  |TAMS 0x0000000708b00000, 0x0000000708b00000| Untracked 
| 114|0x0000000708c00000, 0x0000000708c00000, 0x0000000708d00000|  0%| F|  |TAMS 0x0000000708c00000, 0x0000000708c00000| Untracked 
| 115|0x0000000708d00000, 0x0000000708d00000, 0x0000000708e00000|  0%| F|  |TAMS 0x0000000708d00000, 0x0000000708d00000| Untracked 
| 116|0x0000000708e00000, 0x0000000708e00000, 0x0000000708f00000|  0%| F|  |TAMS 0x0000000708e00000, 0x0000000708e00000| Untracked 
| 117|0x0000000708f00000, 0x0000000708f00000, 0x0000000709000000|  0%| F|  |TAMS 0x0000000708f00000, 0x0000000708f00000| Untracked 
| 118|0x0000000709000000, 0x0000000709000000, 0x0000000709100000|  0%| F|  |TAMS 0x0000000709000000, 0x0000000709000000| Untracked 
| 119|0x0000000709100000, 0x0000000709100000, 0x0000000709200000|  0%| F|  |TAMS 0x0000000709100000, 0x0000000709100000| Untracked 
| 120|0x0000000709200000, 0x0000000709200000, 0x0000000709300000|  0%| F|  |TAMS 0x0000000709200000, 0x0000000709200000| Untracked 
| 121|0x0000000709300000, 0x0000000709300000, 0x0000000709400000|  0%| F|  |TAMS 0x0000000709300000, 0x0000000709300000| Untracked 
| 122|0x0000000709400000, 0x0000000709400000, 0x0000000709500000|  0%| F|  |TAMS 0x0000000709400000, 0x0000000709400000| Untracked 
| 123|0x0000000709500000, 0x0000000709500000, 0x0000000709600000|  0%| F|  |TAMS 0x0000000709500000, 0x0000000709500000| Untracked 
| 124|0x0000000709600000, 0x0000000709600000, 0x0000000709700000|  0%| F|  |TAMS 0x0000000709600000, 0x0000000709600000| Untracked 
| 125|0x0000000709700000, 0x0000000709700000, 0x0000000709800000|  0%| F|  |TAMS 0x0000000709700000, 0x0000000709700000| Untracked 
| 126|0x0000000709800000, 0x0000000709800000, 0x0000000709900000|  0%| F|  |TAMS 0x0000000709800000, 0x0000000709800000| Untracked 
| 127|0x0000000709900000, 0x0000000709900000, 0x0000000709a00000|  0%| F|  |TAMS 0x0000000709900000, 0x0000000709900000| Untracked 
| 128|0x0000000709a00000, 0x0000000709a00000, 0x0000000709b00000|  0%| F|  |TAMS 0x0000000709a00000, 0x0000000709a00000| Untracked 
| 129|0x0000000709b00000, 0x0000000709b00000, 0x0000000709c00000|  0%| F|  |TAMS 0x0000000709b00000, 0x0000000709b00000| Untracked 
| 130|0x0000000709c00000, 0x0000000709c00000, 0x0000000709d00000|  0%| F|  |TAMS 0x0000000709c00000, 0x0000000709c00000| Untracked 
| 131|0x0000000709d00000, 0x0000000709d00000, 0x0000000709e00000|  0%| F|  |TAMS 0x0000000709d00000, 0x0000000709d00000| Untracked 
| 132|0x0000000709e00000, 0x0000000709e00000, 0x0000000709f00000|  0%| F|  |TAMS 0x0000000709e00000, 0x0000000709e00000| Untracked 
| 133|0x0000000709f00000, 0x0000000709f00000, 0x000000070a000000|  0%| F|  |TAMS 0x0000000709f00000, 0x0000000709f00000| Untracked 
| 134|0x000000070a000000, 0x000000070a000000, 0x000000070a100000|  0%| F|  |TAMS 0x000000070a000000, 0x000000070a000000| Untracked 
| 135|0x000000070a100000, 0x000000070a100000, 0x000000070a200000|  0%| F|  |TAMS 0x000000070a100000, 0x000000070a100000| Untracked 
| 136|0x000000070a200000, 0x000000070a200000, 0x000000070a300000|  0%| F|  |TAMS 0x000000070a200000, 0x000000070a200000| Untracked 
| 137|0x000000070a300000, 0x000000070a300000, 0x000000070a400000|  0%| F|  |TAMS 0x000000070a300000, 0x000000070a300000| Untracked 
| 138|0x000000070a400000, 0x000000070a400000, 0x000000070a500000|  0%| F|  |TAMS 0x000000070a400000, 0x000000070a400000| Untracked 
| 139|0x000000070a500000, 0x000000070a500000, 0x000000070a600000|  0%| F|  |TAMS 0x000000070a500000, 0x000000070a500000| Untracked 
| 140|0x000000070a600000, 0x000000070a600000, 0x000000070a700000|  0%| F|  |TAMS 0x000000070a600000, 0x000000070a600000| Untracked 
| 141|0x000000070a700000, 0x000000070a700000, 0x000000070a800000|  0%| F|  |TAMS 0x000000070a700000, 0x000000070a700000| Untracked 
| 142|0x000000070a800000, 0x000000070a800000, 0x000000070a900000|  0%| F|  |TAMS 0x000000070a800000, 0x000000070a800000| Untracked 
| 143|0x000000070a900000, 0x000000070a900000, 0x000000070aa00000|  0%| F|  |TAMS 0x000000070a900000, 0x000000070a900000| Untracked 
| 144|0x000000070aa00000, 0x000000070aa00000, 0x000000070ab00000|  0%| F|  |TAMS 0x000000070aa00000, 0x000000070aa00000| Untracked 
| 145|0x000000070ab00000, 0x000000070ab00000, 0x000000070ac00000|  0%| F|  |TAMS 0x000000070ab00000, 0x000000070ab00000| Untracked 
| 146|0x000000070ac00000, 0x000000070ac00000, 0x000000070ad00000|  0%| F|  |TAMS 0x000000070ac00000, 0x000000070ac00000| Untracked 
| 147|0x000000070ad00000, 0x000000070ad00000, 0x000000070ae00000|  0%| F|  |TAMS 0x000000070ad00000, 0x000000070ad00000| Untracked 
| 148|0x000000070ae00000, 0x000000070ae00000, 0x000000070af00000|  0%| F|  |TAMS 0x000000070ae00000, 0x000000070ae00000| Untracked 
| 149|0x000000070af00000, 0x000000070af00000, 0x000000070b000000|  0%| F|  |TAMS 0x000000070af00000, 0x000000070af00000| Untracked 
| 150|0x000000070b000000, 0x000000070b000000, 0x000000070b100000|  0%| F|  |TAMS 0x000000070b000000, 0x000000070b000000| Untracked 
| 151|0x000000070b100000, 0x000000070b100000, 0x000000070b200000|  0%| F|  |TAMS 0x000000070b100000, 0x000000070b100000| Untracked 
| 152|0x000000070b200000, 0x000000070b200000, 0x000000070b300000|  0%| F|  |TAMS 0x000000070b200000, 0x000000070b200000| Untracked 
| 153|0x000000070b300000, 0x000000070b300000, 0x000000070b400000|  0%| F|  |TAMS 0x000000070b300000, 0x000000070b300000| Untracked 
| 154|0x000000070b400000, 0x000000070b400000, 0x000000070b500000|  0%| F|  |TAMS 0x000000070b400000, 0x000000070b400000| Untracked 
| 155|0x000000070b500000, 0x000000070b500000, 0x000000070b600000|  0%| F|  |TAMS 0x000000070b500000, 0x000000070b500000| Untracked 
| 156|0x000000070b600000, 0x000000070b600000, 0x000000070b700000|  0%| F|  |TAMS 0x000000070b600000, 0x000000070b600000| Untracked 
| 157|0x000000070b700000, 0x000000070b700000, 0x000000070b800000|  0%| F|  |TAMS 0x000000070b700000, 0x000000070b700000| Untracked 
| 158|0x000000070b800000, 0x000000070b800000, 0x000000070b900000|  0%| F|  |TAMS 0x000000070b800000, 0x000000070b800000| Untracked 
| 159|0x000000070b900000, 0x000000070b900000, 0x000000070ba00000|  0%| F|  |TAMS 0x000000070b900000, 0x000000070b900000| Untracked 
| 160|0x000000070ba00000, 0x000000070ba00000, 0x000000070bb00000|  0%| F|  |TAMS 0x000000070ba00000, 0x000000070ba00000| Untracked 
| 161|0x000000070bb00000, 0x000000070bb00000, 0x000000070bc00000|  0%| F|  |TAMS 0x000000070bb00000, 0x000000070bb00000| Untracked 
| 162|0x000000070bc00000, 0x000000070bc00000, 0x000000070bd00000|  0%| F|  |TAMS 0x000000070bc00000, 0x000000070bc00000| Untracked 
| 163|0x000000070bd00000, 0x000000070bd00000, 0x000000070be00000|  0%| F|  |TAMS 0x000000070bd00000, 0x000000070bd00000| Untracked 
| 164|0x000000070be00000, 0x000000070be00000, 0x000000070bf00000|  0%| F|  |TAMS 0x000000070be00000, 0x000000070be00000| Untracked 
| 165|0x000000070bf00000, 0x000000070bf00000, 0x000000070c000000|  0%| F|  |TAMS 0x000000070bf00000, 0x000000070bf00000| Untracked 
| 166|0x000000070c000000, 0x000000070c000000, 0x000000070c100000|  0%| F|  |TAMS 0x000000070c000000, 0x000000070c000000| Untracked 
| 167|0x000000070c100000, 0x000000070c100000, 0x000000070c200000|  0%| F|  |TAMS 0x000000070c100000, 0x000000070c100000| Untracked 
| 168|0x000000070c200000, 0x000000070c200000, 0x000000070c300000|  0%| F|  |TAMS 0x000000070c200000, 0x000000070c200000| Untracked 
| 169|0x000000070c300000, 0x000000070c300000, 0x000000070c400000|  0%| F|  |TAMS 0x000000070c300000, 0x000000070c300000| Untracked 
| 170|0x000000070c400000, 0x000000070c400000, 0x000000070c500000|  0%| F|  |TAMS 0x000000070c400000, 0x000000070c400000| Untracked 
| 171|0x000000070c500000, 0x000000070c500000, 0x000000070c600000|  0%| F|  |TAMS 0x000000070c500000, 0x000000070c500000| Untracked 
| 172|0x000000070c600000, 0x000000070c600000, 0x000000070c700000|  0%| F|  |TAMS 0x000000070c600000, 0x000000070c600000| Untracked 
| 173|0x000000070c700000, 0x000000070c700000, 0x000000070c800000|  0%| F|  |TAMS 0x000000070c700000, 0x000000070c700000| Untracked 
| 174|0x000000070c800000, 0x000000070c800000, 0x000000070c900000|  0%| F|  |TAMS 0x000000070c800000, 0x000000070c800000| Untracked 
| 175|0x000000070c900000, 0x000000070c900000, 0x000000070ca00000|  0%| F|  |TAMS 0x000000070c900000, 0x000000070c900000| Untracked 
| 176|0x000000070ca00000, 0x000000070ca00000, 0x000000070cb00000|  0%| F|  |TAMS 0x000000070ca00000, 0x000000070ca00000| Untracked 
| 177|0x000000070cb00000, 0x000000070cb00000, 0x000000070cc00000|  0%| F|  |TAMS 0x000000070cb00000, 0x000000070cb00000| Untracked 
| 178|0x000000070cc00000, 0x000000070cc00000, 0x000000070cd00000|  0%| F|  |TAMS 0x000000070cc00000, 0x000000070cc00000| Untracked 
| 179|0x000000070cd00000, 0x000000070cd00000, 0x000000070ce00000|  0%| F|  |TAMS 0x000000070cd00000, 0x000000070cd00000| Untracked 
| 180|0x000000070ce00000, 0x000000070ce00000, 0x000000070cf00000|  0%| F|  |TAMS 0x000000070ce00000, 0x000000070ce00000| Untracked 
| 181|0x000000070cf00000, 0x000000070cf00000, 0x000000070d000000|  0%| F|  |TAMS 0x000000070cf00000, 0x000000070cf00000| Untracked 
| 182|0x000000070d000000, 0x000000070d000000, 0x000000070d100000|  0%| F|  |TAMS 0x000000070d000000, 0x000000070d000000| Untracked 
| 183|0x000000070d100000, 0x000000070d100000, 0x000000070d200000|  0%| F|  |TAMS 0x000000070d100000, 0x000000070d100000| Untracked 
| 184|0x000000070d200000, 0x000000070d200000, 0x000000070d300000|  0%| F|  |TAMS 0x000000070d200000, 0x000000070d200000| Untracked 
| 185|0x000000070d300000, 0x000000070d300000, 0x000000070d400000|  0%| F|  |TAMS 0x000000070d300000, 0x000000070d300000| Untracked 
| 186|0x000000070d400000, 0x000000070d400000, 0x000000070d500000|  0%| F|  |TAMS 0x000000070d400000, 0x000000070d400000| Untracked 
| 187|0x000000070d500000, 0x000000070d500000, 0x000000070d600000|  0%| F|  |TAMS 0x000000070d500000, 0x000000070d500000| Untracked 
| 188|0x000000070d600000, 0x000000070d600000, 0x000000070d700000|  0%| F|  |TAMS 0x000000070d600000, 0x000000070d600000| Untracked 
| 189|0x000000070d700000, 0x000000070d700000, 0x000000070d800000|  0%| F|  |TAMS 0x000000070d700000, 0x000000070d700000| Untracked 
| 190|0x000000070d800000, 0x000000070d800000, 0x000000070d900000|  0%| F|  |TAMS 0x000000070d800000, 0x000000070d800000| Untracked 
| 191|0x000000070d900000, 0x000000070d900000, 0x000000070da00000|  0%| F|  |TAMS 0x000000070d900000, 0x000000070d900000| Untracked 
| 192|0x000000070da00000, 0x000000070da00000, 0x000000070db00000|  0%| F|  |TAMS 0x000000070da00000, 0x000000070da00000| Untracked 
| 193|0x000000070db00000, 0x000000070db00000, 0x000000070dc00000|  0%| F|  |TAMS 0x000000070db00000, 0x000000070db00000| Untracked 
| 194|0x000000070dc00000, 0x000000070dc00000, 0x000000070dd00000|  0%| F|  |TAMS 0x000000070dc00000, 0x000000070dc00000| Untracked 
| 195|0x000000070dd00000, 0x000000070dd00000, 0x000000070de00000|  0%| F|  |TAMS 0x000000070dd00000, 0x000000070dd00000| Untracked 
| 196|0x000000070de00000, 0x000000070de00000, 0x000000070df00000|  0%| F|  |TAMS 0x000000070de00000, 0x000000070de00000| Untracked 
| 197|0x000000070df00000, 0x000000070df00000, 0x000000070e000000|  0%| F|  |TAMS 0x000000070df00000, 0x000000070df00000| Untracked 
| 198|0x000000070e000000, 0x000000070e000000, 0x000000070e100000|  0%| F|  |TAMS 0x000000070e000000, 0x000000070e000000| Untracked 
| 199|0x000000070e100000, 0x000000070e100000, 0x000000070e200000|  0%| F|  |TAMS 0x000000070e100000, 0x000000070e100000| Untracked 
| 200|0x000000070e200000, 0x000000070e200000, 0x000000070e300000|  0%| F|  |TAMS 0x000000070e200000, 0x000000070e200000| Untracked 
| 201|0x000000070e300000, 0x000000070e300000, 0x000000070e400000|  0%| F|  |TAMS 0x000000070e300000, 0x000000070e300000| Untracked 
| 202|0x000000070e400000, 0x000000070e400000, 0x000000070e500000|  0%| F|  |TAMS 0x000000070e400000, 0x000000070e400000| Untracked 
| 203|0x000000070e500000, 0x000000070e500000, 0x000000070e600000|  0%| F|  |TAMS 0x000000070e500000, 0x000000070e500000| Untracked 
| 204|0x000000070e600000, 0x000000070e600000, 0x000000070e700000|  0%| F|  |TAMS 0x000000070e600000, 0x000000070e600000| Untracked 
| 205|0x000000070e700000, 0x000000070e700000, 0x000000070e800000|  0%| F|  |TAMS 0x000000070e700000, 0x000000070e700000| Untracked 
| 206|0x000000070e800000, 0x000000070e800000, 0x000000070e900000|  0%| F|  |TAMS 0x000000070e800000, 0x000000070e800000| Untracked 
| 207|0x000000070e900000, 0x000000070e900000, 0x000000070ea00000|  0%| F|  |TAMS 0x000000070e900000, 0x000000070e900000| Untracked 
| 208|0x000000070ea00000, 0x000000070ea00000, 0x000000070eb00000|  0%| F|  |TAMS 0x000000070ea00000, 0x000000070ea00000| Untracked 
| 209|0x000000070eb00000, 0x000000070eb00000, 0x000000070ec00000|  0%| F|  |TAMS 0x000000070eb00000, 0x000000070eb00000| Untracked 
| 210|0x000000070ec00000, 0x000000070ec00000, 0x000000070ed00000|  0%| F|  |TAMS 0x000000070ec00000, 0x000000070ec00000| Untracked 
| 211|0x000000070ed00000, 0x000000070ed00000, 0x000000070ee00000|  0%| F|  |TAMS 0x000000070ed00000, 0x000000070ed00000| Untracked 
| 212|0x000000070ee00000, 0x000000070ee00000, 0x000000070ef00000|  0%| F|  |TAMS 0x000000070ee00000, 0x000000070ee00000| Untracked 
| 213|0x000000070ef00000, 0x000000070ef00000, 0x000000070f000000|  0%| F|  |TAMS 0x000000070ef00000, 0x000000070ef00000| Untracked 
| 214|0x000000070f000000, 0x000000070f000000, 0x000000070f100000|  0%| F|  |TAMS 0x000000070f000000, 0x000000070f000000| Untracked 
| 215|0x000000070f100000, 0x000000070f100000, 0x000000070f200000|  0%| F|  |TAMS 0x000000070f100000, 0x000000070f100000| Untracked 
| 216|0x000000070f200000, 0x000000070f200000, 0x000000070f300000|  0%| F|  |TAMS 0x000000070f200000, 0x000000070f200000| Untracked 
| 217|0x000000070f300000, 0x000000070f300000, 0x000000070f400000|  0%| F|  |TAMS 0x000000070f300000, 0x000000070f300000| Untracked 
| 218|0x000000070f400000, 0x000000070f400000, 0x000000070f500000|  0%| F|  |TAMS 0x000000070f400000, 0x000000070f400000| Untracked 
| 219|0x000000070f500000, 0x000000070f500000, 0x000000070f600000|  0%| F|  |TAMS 0x000000070f500000, 0x000000070f500000| Untracked 
| 220|0x000000070f600000, 0x000000070f600000, 0x000000070f700000|  0%| F|  |TAMS 0x000000070f600000, 0x000000070f600000| Untracked 
| 221|0x000000070f700000, 0x000000070f700000, 0x000000070f800000|  0%| F|  |TAMS 0x000000070f700000, 0x000000070f700000| Untracked 
| 222|0x000000070f800000, 0x000000070f800000, 0x000000070f900000|  0%| F|  |TAMS 0x000000070f800000, 0x000000070f800000| Untracked 
| 223|0x000000070f900000, 0x000000070f900000, 0x000000070fa00000|  0%| F|  |TAMS 0x000000070f900000, 0x000000070f900000| Untracked 
| 224|0x000000070fa00000, 0x000000070fa00000, 0x000000070fb00000|  0%| F|  |TAMS 0x000000070fa00000, 0x000000070fa00000| Untracked 
| 225|0x000000070fb00000, 0x000000070fb00000, 0x000000070fc00000|  0%| F|  |TAMS 0x000000070fb00000, 0x000000070fb00000| Untracked 
| 226|0x000000070fc00000, 0x000000070fc00000, 0x000000070fd00000|  0%| F|  |TAMS 0x000000070fc00000, 0x000000070fc00000| Untracked 
| 227|0x000000070fd00000, 0x000000070fd00000, 0x000000070fe00000|  0%| F|  |TAMS 0x000000070fd00000, 0x000000070fd00000| Untracked 
| 228|0x000000070fe00000, 0x000000070fe00000, 0x000000070ff00000|  0%| F|  |TAMS 0x000000070fe00000, 0x000000070fe00000| Untracked 
| 229|0x000000070ff00000, 0x000000070ff00000, 0x0000000710000000|  0%| F|  |TAMS 0x000000070ff00000, 0x000000070ff00000| Untracked 
| 230|0x0000000710000000, 0x0000000710000000, 0x0000000710100000|  0%| F|  |TAMS 0x0000000710000000, 0x0000000710000000| Untracked 
| 231|0x0000000710100000, 0x0000000710100000, 0x0000000710200000|  0%| F|  |TAMS 0x0000000710100000, 0x0000000710100000| Untracked 
| 232|0x0000000710200000, 0x0000000710200000, 0x0000000710300000|  0%| F|  |TAMS 0x0000000710200000, 0x0000000710200000| Untracked 
| 233|0x0000000710300000, 0x0000000710300000, 0x0000000710400000|  0%| F|  |TAMS 0x0000000710300000, 0x0000000710300000| Untracked 
| 234|0x0000000710400000, 0x0000000710400000, 0x0000000710500000|  0%| F|  |TAMS 0x0000000710400000, 0x0000000710400000| Untracked 
| 235|0x0000000710500000, 0x0000000710500000, 0x0000000710600000|  0%| F|  |TAMS 0x0000000710500000, 0x0000000710500000| Untracked 
| 236|0x0000000710600000, 0x0000000710600000, 0x0000000710700000|  0%| F|  |TAMS 0x0000000710600000, 0x0000000710600000| Untracked 
| 237|0x0000000710700000, 0x0000000710700000, 0x0000000710800000|  0%| F|  |TAMS 0x0000000710700000, 0x0000000710700000| Untracked 
| 238|0x0000000710800000, 0x0000000710800000, 0x0000000710900000|  0%| F|  |TAMS 0x0000000710800000, 0x0000000710800000| Untracked 
| 239|0x0000000710900000, 0x0000000710900000, 0x0000000710a00000|  0%| F|  |TAMS 0x0000000710900000, 0x0000000710900000| Untracked 
| 240|0x0000000710a00000, 0x0000000710a00000, 0x0000000710b00000|  0%| F|  |TAMS 0x0000000710a00000, 0x0000000710a00000| Untracked 
| 241|0x0000000710b00000, 0x0000000710b00000, 0x0000000710c00000|  0%| F|  |TAMS 0x0000000710b00000, 0x0000000710b00000| Untracked 
| 242|0x0000000710c00000, 0x0000000710c00000, 0x0000000710d00000|  0%| F|  |TAMS 0x0000000710c00000, 0x0000000710c00000| Untracked 
| 243|0x0000000710d00000, 0x0000000710d00000, 0x0000000710e00000|  0%| F|  |TAMS 0x0000000710d00000, 0x0000000710d00000| Untracked 
| 244|0x0000000710e00000, 0x0000000710e00000, 0x0000000710f00000|  0%| F|  |TAMS 0x0000000710e00000, 0x0000000710e00000| Untracked 
| 245|0x0000000710f00000, 0x0000000710f00000, 0x0000000711000000|  0%| F|  |TAMS 0x0000000710f00000, 0x0000000710f00000| Untracked 
| 246|0x0000000711000000, 0x000000071107fad8, 0x0000000711100000| 49%| E|  |TAMS 0x0000000711000000, 0x0000000711000000| Complete 
| 247|0x0000000711100000, 0x0000000711200000, 0x0000000711200000|100%| E|CS|TAMS 0x0000000711100000, 0x0000000711100000| Complete 
| 248|0x0000000711200000, 0x0000000711300000, 0x0000000711300000|100%| E|CS|TAMS 0x0000000711200000, 0x0000000711200000| Complete 
| 249|0x0000000711300000, 0x0000000711400000, 0x0000000711400000|100%| E|CS|TAMS 0x0000000711300000, 0x0000000711300000| Complete 
| 250|0x0000000711400000, 0x0000000711500000, 0x0000000711500000|100%| E|CS|TAMS 0x0000000711400000, 0x0000000711400000| Complete 
| 251|0x0000000711500000, 0x0000000711600000, 0x0000000711600000|100%| E|CS|TAMS 0x0000000711500000, 0x0000000711500000| Complete 
| 252|0x0000000711600000, 0x0000000711700000, 0x0000000711700000|100%| E|CS|TAMS 0x0000000711600000, 0x0000000711600000| Complete 
| 253|0x0000000711700000, 0x0000000711800000, 0x0000000711800000|100%| E|CS|TAMS 0x0000000711700000, 0x0000000711700000| Complete 
| 254|0x0000000711800000, 0x0000000711900000, 0x0000000711900000|100%| E|CS|TAMS 0x0000000711800000, 0x0000000711800000| Complete 
| 255|0x0000000711900000, 0x0000000711a00000, 0x0000000711a00000|100%| E|CS|TAMS 0x0000000711900000, 0x0000000711900000| Complete 

Card table byte_map: [0x000002b6db4c0000,0x000002b6dbcc0000] _byte_map_base: 0x000002b6d7cb3000

Marking Bits (Prev, Next): (CMBitMap*) 0x000002b6c3249c98, (CMBitMap*) 0x000002b6c3249cd8
 Prev Bits: [0x000002b6dc4c0000, 0x000002b6e0458000)
 Next Bits: [0x000002b6e0460000, 0x000002b6e43f8000)

Polling page: 0x000002b6c29c0000

Metaspace:

Usage:
  Non-class:      5.80 MB capacity,     3.03 MB ( 52%) used,     2.76 MB ( 48%) free+waste,     8.69 KB ( <1%) overhead. 
      Class:    528.00 KB capacity,   217.23 KB ( 41%) used,   305.84 KB ( 58%) free+waste,     4.94 KB ( <1%) overhead. 
       Both:      6.31 MB capacity,     3.24 MB ( 51%) used,     3.06 MB ( 48%) free+waste,    13.63 KB ( <1%) overhead. 

Virtual space:
  Non-class space:        8.00 MB reserved,       6.00 MB ( 75%) committed 
      Class space:        1.00 GB reserved,     640.00 KB ( <1%) committed 
             Both:        1.01 GB reserved,       6.63 MB ( <1%) committed 

Chunk freelists:
   Non-Class:  78.00 KB
       Class:  0 bytes
        Both:  78.00 KB

MaxMetaspaceSize: 17179869184.00 GB
CompressedClassSpaceSize: 1.00 GB

CodeHeap 'non-profiled nmethods': size=120000Kb used=215Kb max_used=215Kb free=119784Kb
 bounds [0x000002b6d3460000, 0x000002b6d36d0000, 0x000002b6da990000]
CodeHeap 'profiled nmethods': size=120000Kb used=976Kb max_used=976Kb free=119023Kb
 bounds [0x000002b6cbf30000, 0x000002b6cc1a0000, 0x000002b6d3460000]
CodeHeap 'non-nmethods': size=5760Kb used=1533Kb max_used=1547Kb free=4226Kb
 bounds [0x000002b6cb990000, 0x000002b6cbc00000, 0x000002b6cbf30000]
 total_blobs=1974 nmethods=649 adapters=816
 compilation: enabled
              stopped_count=0, restarted_count=0
 full_count=0

Compilation events (20 events):
Event: 0.526 Thread 0x000002b6e7838000  641       3       java.util.HashSet::contains (9 bytes)
Event: 0.527 Thread 0x000002b6e8182800 nmethod 639 0x000002b6d3494790 code [0x000002b6d3494920, 0x000002b6d3494b38]
Event: 0.527 Thread 0x000002b6e7838000 nmethod 641 0x000002b6cc020f10 code [0x000002b6cc0210e0, 0x000002b6cc021538]
Event: 0.528 Thread 0x000002b6e81a4000 nmethod 638 0x000002b6d3494c10 code [0x000002b6d3494de0, 0x000002b6d3495048]
Event: 0.530 Thread 0x000002b6e81a4000  642       4       org.lwjgl.system.MemoryStack::pop (22 bytes)
Event: 0.531 Thread 0x000002b6e81a4000 nmethod 642 0x000002b6d3495210 code [0x000002b6d34953a0, 0x000002b6d3495498]
Event: 0.532 Thread 0x000002b6e7838000  643       3       org.lwjgl.system.Checks::checkFunctions (81 bytes)
Event: 0.533 Thread 0x000002b6e7838000 nmethod 643 0x000002b6cc021690 code [0x000002b6cc021920, 0x000002b6cc0226e8]
Event: 0.546 Thread 0x000002b6e7838000  644       1       org.lwjgl.system.CustomBuffer::limit (5 bytes)
Event: 0.546 Thread 0x000002b6e81a4000  645       4       org.lwjgl.PointerBuffer::get (22 bytes)
Event: 0.546 Thread 0x000002b6e7838000 nmethod 644 0x000002b6d3495590 code [0x000002b6d3495720, 0x000002b6d34957f8]
Event: 0.547 Thread 0x000002b6e81a4000 nmethod 645 0x000002b6d3495890 code [0x000002b6d3495a20, 0x000002b6d3495b18]
Event: 0.822 Thread 0x000002b6e7838000  646       3       Engine.Listeners.MouseListener::get (20 bytes)
Event: 0.822 Thread 0x000002b6e7838000 nmethod 646 0x000002b6cc022c90 code [0x000002b6cc022e40, 0x000002b6cc023088]
Event: 1.972 Thread 0x000002b6e7838000  647       3       Engine.Listeners.KeyListener::isKeyPressed (9 bytes)
Event: 1.973 Thread 0x000002b6e7838000 nmethod 647 0x000002b6cc023190 code [0x000002b6cc023360, 0x000002b6cc0238d8]
Event: 1.973 Thread 0x000002b6e7838000  648       3       Engine.Listeners.KeyListener::get (20 bytes)
Event: 1.973 Thread 0x000002b6e7838000 nmethod 648 0x000002b6cc023a90 code [0x000002b6cc023c60, 0x000002b6cc024158]
Event: 2.328 Thread 0x000002b6e7832000  649       4       org.lwjgl.system.MemoryUtil::memGetAddress (31 bytes)
Event: 2.329 Thread 0x000002b6e7832000 nmethod 649 0x000002b6d3495c10 code [0x000002b6d3495d80, 0x000002b6d3495dd8]

GC Heap History (0 events):
No events

Deoptimization events (16 events):
Event: 0.082 Thread 0x000002b6c31e0800 Uncommon trap: trap_request=0xffffff45 fr.pc=0x000002b6d3464dac relative=0x000000000000024c
Event: 0.082 Thread 0x000002b6c31e0800 Uncommon trap: reason=unstable_if action=reinterpret pc=0x000002b6d3464dac method=java.lang.String.hashCode()I @ 13 c2
Event: 0.082 Thread 0x000002b6c31e0800 DEOPT PACKING pc=0x000002b6d3464dac sp=0x000000e2ae0fe1b0
Event: 0.082 Thread 0x000002b6c31e0800 DEOPT UNPACKING pc=0x000002b6cb9d912f sp=0x000000e2ae0fe140 mode 2
Event: 0.142 Thread 0x000002b6c31e0800 DEOPT PACKING pc=0x000002b6cbf73ef4 sp=0x000000e2ae0fcf80
Event: 0.142 Thread 0x000002b6c31e0800 DEOPT UNPACKING pc=0x000002b6cb9d964e sp=0x000000e2ae0fc3d8 mode 0
Event: 0.145 Thread 0x000002b6c31e0800 DEOPT PACKING pc=0x000002b6cbf761b2 sp=0x000000e2ae0f8f70
Event: 0.145 Thread 0x000002b6c31e0800 DEOPT UNPACKING pc=0x000002b6cb9d964e sp=0x000000e2ae0f83d8 mode 0
Event: 0.197 Thread 0x000002b6c31e0800 Uncommon trap: trap_request=0xffffff45 fr.pc=0x000002b6d347fd90 relative=0x0000000000000070
Event: 0.197 Thread 0x000002b6c31e0800 Uncommon trap: reason=unstable_if action=reinterpret pc=0x000002b6d347fd90 method=java.io.WinNTFileSystem.isSlash(C)Z @ 9 c2
Event: 0.197 Thread 0x000002b6c31e0800 DEOPT PACKING pc=0x000002b6d347fd90 sp=0x000000e2ae0fb5d0
Event: 0.197 Thread 0x000002b6c31e0800 DEOPT UNPACKING pc=0x000002b6cb9d912f sp=0x000000e2ae0fb558 mode 2
Event: 0.516 Thread 0x000002b6c31e0800 Uncommon trap: trap_request=0xffffff54 fr.pc=0x000002b6d3493c88 relative=0x0000000000000068
Event: 0.516 Thread 0x000002b6c31e0800 Uncommon trap: reason=speculate_null_assert action=make_not_entrant pc=0x000002b6d3493c88 method=sun.misc.Unsafe.getLong(Ljava/lang/Object;J)J @ 5 c2
Event: 0.516 Thread 0x000002b6c31e0800 DEOPT PACKING pc=0x000002b6d3493c88 sp=0x000000e2ae0fee70
Event: 0.516 Thread 0x000002b6c31e0800 DEOPT UNPACKING pc=0x000002b6cb9d912f sp=0x000000e2ae0fedf8 mode 2

Classes unloaded (0 events):
No events

Classes redefined (0 events):
No events

Internal exceptions (20 events):
Event: 0.169 Thread 0x000002b6c31e0800 Exception <a 'java/lang/NoSuchMethodError'{0x00000007116eaf40}: 'java.lang.Object java.lang.invoke.DirectMethodHandle$Holder.invokeStaticInit(java.lang.Object, java.lang.Object, java.lang.Object)'> (0x00000007116eaf40) 
thrown [t:/workspace/open/src/hotspot/share/interpreter/linkResolver.cpp, line 766]
Event: 0.174 Thread 0x000002b6c31e0800 Exception <a 'java/lang/NoSuchMethodError'{0x000000071152c5a0}: 'int java.lang.invoke.DirectMethodHandle$Holder.invokeSpecialIFC(java.lang.Object, java.lang.Object, int)'> (0x000000071152c5a0) 
thrown [t:/workspace/open/src/hotspot/share/interpreter/linkResolver.cpp, line 766]
Event: 0.205 Thread 0x000002b6c31e0800 Exception <a 'sun/nio/fs/WindowsException'{0x00000007115919c0}> (0x00000007115919c0) 
thrown [t:/workspace/open/src/hotspot/share/prims/jni.cpp, line 599]
Event: 0.206 Thread 0x000002b6c31e0800 Exception <a 'sun/nio/fs/WindowsException'{0x0000000711591f40}> (0x0000000711591f40) 
thrown [t:/workspace/open/src/hotspot/share/prims/jni.cpp, line 599]
Event: 0.226 Thread 0x000002b6c31e0800 Exception <a 'java/lang/NoSuchMethodError'{0x00000007115ef6a8}: 'int java.lang.invoke.DirectMethodHandle$Holder.invokeStaticInit(java.lang.Object, java.lang.Object, int, long)'> (0x00000007115ef6a8) 
thrown [t:/workspace/open/src/hotspot/share/interpreter/linkResolver.cpp, line 766]
Event: 0.227 Thread 0x000002b6c31e0800 Exception <a 'java/lang/NoSuchMethodError'{0x00000007115f4158}: 'java.lang.Object java.lang.invoke.Invokers$Holder.linkToTargetMethod(java.lang.Object, int, java.lang.Object)'> (0x00000007115f4158) 
thrown [t:/workspace/open/src/hotspot/share/interpreter/linkResolver.cpp, line 766]
Event: 0.230 Thread 0x000002b6c31e0800 Exception <a 'java/lang/NoSuchMethodError'{0x000000071140ae70}: 'int java.lang.invoke.DirectMethodHandle$Holder.invokeStaticInit(java.lang.Object, java.lang.Object, long, long)'> (0x000000071140ae70) 
thrown [t:/workspace/open/src/hotspot/share/interpreter/linkResolver.cpp, line 766]
Event: 0.230 Thread 0x000002b6c31e0800 Exception <a 'java/lang/NoSuchMethodError'{0x000000071140fca0}: 'java.lang.Object java.lang.invoke.Invokers$Holder.linkToTargetMethod(java.lang.Object, long, java.lang.Object)'> (0x000000071140fca0) 
thrown [t:/workspace/open/src/hotspot/share/interpreter/linkResolver.cpp, line 766]
Event: 0.231 Thread 0x000002b6c31e0800 Exception <a 'java/lang/NoSuchMethodError'{0x00000007114156c0}: 'int java.lang.invoke.DirectMethodHandle$Holder.invokeStaticInit(java.lang.Object, java.lang.Object, java.lang.Object, long)'> (0x00000007114156c0) 
thrown [t:/workspace/open/src/hotspot/share/interpreter/linkResolver.cpp, line 766]
Event: 0.282 Thread 0x000002b6c31e0800 Exception <a 'sun/nio/fs/WindowsException'{0x0000000711380280}> (0x0000000711380280) 
thrown [t:/workspace/open/src/hotspot/share/prims/jni.cpp, line 599]
Event: 0.282 Thread 0x000002b6c31e0800 Exception <a 'sun/nio/fs/WindowsException'{0x0000000711380610}> (0x0000000711380610) 
thrown [t:/workspace/open/src/hotspot/share/prims/jni.cpp, line 599]
Event: 0.396 Thread 0x000002b6c31e0800 Exception <a 'java/lang/NoSuchMethodError'{0x0000000711213420}: 'void java.lang.invoke.DirectMethodHandle$Holder.invokeStaticInit(java.lang.Object, long, double, double)'> (0x0000000711213420) 
thrown [t:/workspace/open/src/hotspot/share/interpreter/linkResolver.cpp, line 766]
Event: 0.403 Thread 0x000002b6c31e0800 Exception <a 'java/lang/NoSuchMethodError'{0x0000000711228f98}: 'void java.lang.invoke.DirectMethodHandle$Holder.invokeStaticInit(java.lang.Object, long, int, int, int)'> (0x0000000711228f98) 
thrown [t:/workspace/open/src/hotspot/share/interpreter/linkResolver.cpp, line 766]
Event: 0.410 Thread 0x000002b6c31e0800 Exception <a 'java/lang/NoSuchMethodError'{0x000000071124faa8}: 'void java.lang.invoke.DirectMethodHandle$Holder.invokeStaticInit(java.lang.Object, long, int, int, int, int)'> (0x000000071124faa8) 
thrown [t:/workspace/open/src/hotspot/share/interpreter/linkResolver.cpp, line 766]
Event: 0.414 Thread 0x000002b6c31e0800 Exception <a 'java/lang/NoSuchMethodError'{0x00000007112635e0}: 'void java.lang.invoke.DirectMethodHandle$Holder.invokeStatic(java.lang.Object, int, int)'> (0x00000007112635e0) 
thrown [t:/workspace/open/src/hotspot/share/interpreter/linkResolver.cpp, line 766]
Event: 0.415 Thread 0x000002b6c31e0800 Exception <a 'java/lang/NoSuchMethodError'{0x0000000711266068}: 'void java.lang.invoke.DirectMethodHandle$Holder.invokeStaticInit(java.lang.Object, int, int)'> (0x0000000711266068) 
thrown [t:/workspace/open/src/hotspot/share/interpreter/linkResolver.cpp, line 766]
Event: 0.480 Thread 0x000002b6c31e0800 Exception <a 'sun/nio/fs/WindowsException'{0x00000007112c4798}> (0x00000007112c4798) 
thrown [t:/workspace/open/src/hotspot/share/prims/jni.cpp, line 599]
Event: 0.480 Thread 0x000002b6c31e0800 Exception <a 'sun/nio/fs/WindowsException'{0x00000007112c4b68}> (0x00000007112c4b68) 
thrown [t:/workspace/open/src/hotspot/share/prims/jni.cpp, line 599]
Event: 0.484 Thread 0x000002b6c31e0800 Exception <a 'sun/nio/fs/WindowsException'{0x00000007112e6870}> (0x00000007112e6870) 
thrown [t:/workspace/open/src/hotspot/share/prims/jni.cpp, line 599]
Event: 0.484 Thread 0x000002b6c31e0800 Exception <a 'sun/nio/fs/WindowsException'{0x00000007112e6b70}> (0x00000007112e6b70) 
thrown [t:/workspace/open/src/hotspot/share/prims/jni.cpp, line 599]

Events (20 events):
Event: 0.233 loading class java/math/MutableBigInteger
Event: 0.234 loading class java/math/MutableBigInteger done
Event: 0.234 loading class java/nio/InvalidMarkException
Event: 0.234 loading class java/nio/InvalidMarkException done
Event: 0.234 loading class java/nio/BufferUnderflowException
Event: 0.234 loading class java/nio/BufferUnderflowException done
Event: 0.260 loading class java/util/function/BiPredicate
Event: 0.260 loading class java/util/function/BiPredicate done
Event: 0.283 loading class java/lang/NoSuchFieldError
Event: 0.283 loading class java/lang/NoSuchFieldError done
Event: 0.292 loading class jdk/internal/reflect/UnsafeQualifiedStaticIntegerFieldAccessorImpl
Event: 0.292 loading class jdk/internal/reflect/UnsafeQualifiedStaticIntegerFieldAccessorImpl done
Event: 0.481 Loaded shared library C:\Users\Yahya-YA\AppData\Local\Temp\lwjglYahya-YA\3.3.0-build-21\lwjgl_opengl.dll
Event: 0.490 Thread 0x000002b6e81a4000 Thread added: 0x000002b6e81a4000
Event: 0.491 Thread 0x000002b6e8182800 Thread added: 0x000002b6e8182800
Event: 0.513 loading class java/util/function/IntFunction
Event: 0.513 loading class java/util/function/IntFunction done
Event: 0.522 Loaded shared library C:\Users\Yahya-YA\AppData\Local\Temp\lwjglYahya-YA\3.3.0-build-21\lwjgl.dll
Event: 0.822 Thread 0x000002b6e8182800 Thread exited: 0x000002b6e8182800
Event: 1.972 Thread 0x000002b6e81a4000 Thread exited: 0x000002b6e81a4000


Dynamic libraries:
0x00007ff77bb20000 - 0x00007ff77bb2f000 	C:\Program Files\Java\jdk-14\bin\java.exe
0x00007ff9bea50000 - 0x00007ff9bec45000 	C:\WINDOWS\SYSTEM32\ntdll.dll
0x00007ff9bcaa0000 - 0x00007ff9bcb5e000 	C:\WINDOWS\System32\KERNEL32.DLL
0x00007ff9bc5a0000 - 0x00007ff9bc868000 	C:\WINDOWS\System32\KERNELBASE.dll
0x00007ff9bc3e0000 - 0x00007ff9bc4e0000 	C:\WINDOWS\System32\ucrtbase.dll
0x00007ff9a1210000 - 0x00007ff9a1225000 	C:\Program Files\Java\jdk-14\bin\VCRUNTIME140.dll
0x00007ff998fa0000 - 0x00007ff998fb8000 	C:\Program Files\Java\jdk-14\bin\jli.dll
0x00007ff9bd6b0000 - 0x00007ff9bd75c000 	C:\WINDOWS\System32\ADVAPI32.dll
0x00007ff9be450000 - 0x00007ff9be4ee000 	C:\WINDOWS\System32\msvcrt.dll
0x00007ff9be620000 - 0x00007ff9be6bb000 	C:\WINDOWS\System32\sechost.dll
0x00007ff9be4f0000 - 0x00007ff9be61a000 	C:\WINDOWS\System32\RPCRT4.dll
0x00007ff9be730000 - 0x00007ff9be8d1000 	C:\WINDOWS\System32\USER32.dll
0x00007ff9a8b80000 - 0x00007ff9a8e1a000 	C:\WINDOWS\WinSxS\amd64_microsoft.windows.common-controls_6595b64144ccf1df_6.0.19041.1110_none_60b5254171f9507e\COMCTL32.dll
0x00007ff9be290000 - 0x00007ff9be2bb000 	C:\WINDOWS\System32\GDI32.dll
0x00007ff9bc4e0000 - 0x00007ff9bc502000 	C:\WINDOWS\System32\win32u.dll
0x00007ff9bc220000 - 0x00007ff9bc32b000 	C:\WINDOWS\System32\gdi32full.dll
0x00007ff9bc870000 - 0x00007ff9bc90d000 	C:\WINDOWS\System32\msvcp_win.dll
0x00007ff9b2b80000 - 0x00007ff9b2b8a000 	C:\WINDOWS\SYSTEM32\VERSION.dll
0x00007ff9bd680000 - 0x00007ff9bd6b0000 	C:\WINDOWS\System32\IMM32.DLL
0x00007ff982e40000 - 0x00007ff982edb000 	C:\Program Files\Java\jdk-14\bin\msvcp140.dll
0x00007ff957d20000 - 0x00007ff95883f000 	C:\Program Files\Java\jdk-14\bin\server\jvm.dll
0x00007ff9bd760000 - 0x00007ff9bd768000 	C:\WINDOWS\System32\PSAPI.DLL
0x00007ff9ab740000 - 0x00007ff9ab767000 	C:\WINDOWS\SYSTEM32\WINMM.dll
0x00007ff9a48a0000 - 0x00007ff9a48a9000 	C:\WINDOWS\SYSTEM32\WSOCK32.dll
0x00007ff9bd560000 - 0x00007ff9bd5cb000 	C:\WINDOWS\System32\WS2_32.dll
0x00007ff9ba9b0000 - 0x00007ff9ba9c2000 	C:\WINDOWS\SYSTEM32\kernel.appcore.dll
0x00007ff9a7250000 - 0x00007ff9a725a000 	C:\Program Files\Java\jdk-14\bin\jimage.dll
0x00007ff9ba000000 - 0x00007ff9ba1e4000 	C:\WINDOWS\SYSTEM32\DBGHELP.DLL
0x00007ff9a6210000 - 0x00007ff9a623c000 	C:\WINDOWS\SYSTEM32\dbgcore.DLL
0x00007ff9bc510000 - 0x00007ff9bc593000 	C:\WINDOWS\System32\bcryptPrimitives.dll
0x00007ff998900000 - 0x00007ff998925000 	C:\Program Files\Java\jdk-14\bin\java.dll
0x00007ff9952c0000 - 0x00007ff9952d7000 	C:\Program Files\Java\jdk-14\bin\zip.dll
0x00007ff9bdb50000 - 0x00007ff9be28f000 	C:\WINDOWS\System32\SHELL32.dll
0x00007ff9ba210000 - 0x00007ff9ba9a0000 	C:\WINDOWS\SYSTEM32\windows.storage.dll
0x00007ff9bd7f0000 - 0x00007ff9bdb45000 	C:\WINDOWS\System32\combase.dll
0x00007ff9bbbc0000 - 0x00007ff9bbbee000 	C:\WINDOWS\SYSTEM32\Wldp.dll
0x00007ff9bcb80000 - 0x00007ff9bcc2d000 	C:\WINDOWS\System32\SHCORE.dll
0x00007ff9be320000 - 0x00007ff9be375000 	C:\WINDOWS\System32\shlwapi.dll
0x00007ff9bc0b0000 - 0x00007ff9bc0cf000 	C:\WINDOWS\SYSTEM32\profapi.dll
0x00007ff994e00000 - 0x00007ff994e19000 	C:\Program Files\Java\jdk-14\bin\net.dll
0x00007ff9b3d70000 - 0x00007ff9b3e7c000 	C:\WINDOWS\SYSTEM32\WINHTTP.dll
0x00007ff9bb920000 - 0x00007ff9bb98a000 	C:\WINDOWS\system32\mswsock.dll
0x00007ff9948b0000 - 0x00007ff9948c2000 	C:\Program Files\Java\jdk-14\bin\nio.dll
0x00007ff991120000 - 0x00007ff991191000 	C:\Users\Yahya-YA\AppData\Local\Temp\lwjglYahya-YA\3.3.0-build-21\lwjgl.dll
0x00007ff9910b0000 - 0x00007ff991111000 	C:\Users\Yahya-YA\AppData\Local\Temp\lwjglYahya-YA\3.3.0-build-21\glfw.dll
0x00007ff994500000 - 0x00007ff994545000 	C:\WINDOWS\SYSTEM32\dinput8.dll
0x00007ff9b1d20000 - 0x00007ff9b1d31000 	C:\WINDOWS\SYSTEM32\xinput1_4.dll
0x00007ff9bc1d0000 - 0x00007ff9bc21e000 	C:\WINDOWS\System32\cfgmgr32.dll
0x00007ff9bbf10000 - 0x00007ff9bbf44000 	C:\WINDOWS\SYSTEM32\DEVOBJ.dll
0x00007ff9b9a00000 - 0x00007ff9b9a2f000 	C:\WINDOWS\SYSTEM32\dwmapi.dll
0x00007ff9992c0000 - 0x00007ff999412000 	C:\WINDOWS\SYSTEM32\inputhost.dll
0x00007ff9be380000 - 0x00007ff9be44d000 	C:\WINDOWS\System32\OLEAUT32.dll
0x00007ff9b7c50000 - 0x00007ff9b7da4000 	C:\WINDOWS\SYSTEM32\wintypes.dll
0x00007ff9b9310000 - 0x00007ff9b9402000 	C:\WINDOWS\SYSTEM32\CoreMessaging.dll
0x00007ff9b7990000 - 0x00007ff9b7a86000 	C:\WINDOWS\SYSTEM32\PROPSYS.dll
0x00007ff9b8fb0000 - 0x00007ff9b930e000 	C:\WINDOWS\SYSTEM32\CoreUIComponents.dll
0x00007ff9bae20000 - 0x00007ff9bae53000 	C:\WINDOWS\SYSTEM32\ntmarta.dll
0x00007ff9b97f0000 - 0x00007ff9b988e000 	C:\WINDOWS\system32\uxtheme.dll
0x00007ff9bd290000 - 0x00007ff9bd3a5000 	C:\WINDOWS\System32\MSCTF.dll
0x00007ff997260000 - 0x00007ff997385000 	C:\WINDOWS\SYSTEM32\opengl32.dll
0x00007ff997230000 - 0x00007ff99725c000 	C:\WINDOWS\SYSTEM32\GLU32.dll
0x00007ff9bd5d0000 - 0x00007ff9bd679000 	C:\WINDOWS\System32\clbcatq.dll
0x00007ff954090000 - 0x00007ff954fa0000 	C:\WINDOWS\System32\DriverStore\FileRepository\igdlh64.inf_amd64_9dc776be3e13ad6d\ig9icd64.dll
0x00007ff9b7af0000 - 0x00007ff9b7b04000 	C:\WINDOWS\SYSTEM32\WTSAPI32.dll
0x00007ff9baa20000 - 0x00007ff9bab14000 	C:\WINDOWS\SYSTEM32\dxgi.dll
0x00007ff9b6a50000 - 0x00007ff9b6a8b000 	C:\WINDOWS\SYSTEM32\dxcore.dll
0x00007ff9ae5a0000 - 0x00007ff9afbac000 	C:\WINDOWS\System32\DriverStore\FileRepository\igdlh64.inf_amd64_9dc776be3e13ad6d\igc64.dll
0x00007ff9bb710000 - 0x00007ff9bb75b000 	C:\WINDOWS\SYSTEM32\powrprof.dll
0x00007ff9bb580000 - 0x00007ff9bb592000 	C:\WINDOWS\SYSTEM32\UMPDC.dll
0x00007ff9ba9a0000 - 0x00007ff9ba9ad000 	C:\WINDOWS\SYSTEM32\HID.DLL
0x00007ff9bce10000 - 0x00007ff9bd282000 	C:\WINDOWS\System32\SETUPAPI.DLL
0x00007ff9bca70000 - 0x00007ff9bca97000 	C:\WINDOWS\System32\bcrypt.dll
0x00007ff9bc170000 - 0x00007ff9bc1d0000 	C:\WINDOWS\System32\WINTRUST.dll
0x00007ff9bc910000 - 0x00007ff9bca66000 	C:\WINDOWS\System32\CRYPT32.dll
0x00007ff9bbd50000 - 0x00007ff9bbd62000 	C:\WINDOWS\SYSTEM32\MSASN1.dll
0x00007ff9a14d0000 - 0x00007ff9a15c9000 	C:\WINDOWS\SYSTEM32\textinputframework.dll
0x00007ff991050000 - 0x00007ff9910ad000 	C:\Users\Yahya-YA\AppData\Local\Temp\lwjglYahya-YA\3.3.0-build-21\lwjgl_opengl.dll
0x00007ff9be8e0000 - 0x00007ff9bea0a000 	C:\WINDOWS\System32\ole32.dll
0x00007ff996260000 - 0x00007ff99630c000 	C:\WINDOWS\SYSTEM32\TextShaping.dll

dbghelp: loaded successfully - version: 4.0.5 - missing functions: none
symbol engine: initialized successfully - sym options: 0x614 - pdb path: .;C:\Program Files\Java\jdk-14\bin;C:\WINDOWS\SYSTEM32;C:\WINDOWS\WinSxS\amd64_microsoft.windows.common-controls_6595b64144ccf1df_6.0.19041.1110_none_60b5254171f9507e;C:\Program Files\Java\jdk-14\bin\server;C:\Users\Yahya-YA\AppData\Local\Temp\lwjglYahya-YA\3.3.0-build-21;C:\WINDOWS\System32\DriverStore\FileRepository\igdlh64.inf_amd64_9dc776be3e13ad6d

VM Arguments:
jvm_args: -Dfile.encoding=windows-1252 -Duser.country=US -Duser.language=en -Duser.variant 
java_command: Main
java_class_path (initial): C:\Users\Yahya-YA\Desktop\projects\Java\GameEngine\build\classes\java\main;C:\Users\Yahya-YA\Desktop\projects\Java\GameEngine\build\resources\main;C:\Users\Yahya-YA\.gradle\caches\modules-2\files-2.1\org.lwjgl\lwjgl-assimp\3.3.0\82135e856184e76d38a97f729141298d3edcf0e4\lwjgl-assimp-3.3.0.jar;C:\Users\Yahya-YA\.gradle\caches\modules-2\files-2.1\org.lwjgl\lwjgl-assimp\3.3.0\3256ea17d2f82e98a2e6464cb165a3af49ac5e36\lwjgl-assimp-3.3.0-natives-windows.jar;C:\Users\Yahya-YA\.gradle\caches\modules-2\files-2.1\org.lwjgl\lwjgl-glfw\3.3.0\899e34f314525596f8fdb6476d3e56104da4601d\lwjgl-glfw-3.3.0.jar;C:\Users\Yahya-YA\.gradle\caches\modules-2\files-2.1\org.lwjgl\lwjgl-glfw\3.3.0\b2d71cebdfecc512131879573e835211cb47b91f\lwjgl-glfw-3.3.0-natives-windows.jar;C:\Users\Yahya-YA\.gradle\caches\modules-2\files-2.1\org.lwjgl\lwjgl-nfd\3.3.0\6d0e4be3e2811979b3cad55f642c5b13559fa202\lwjgl-nfd-3.3.0.jar;C:\Users\Yahya-YA\.gradle\caches\modules-2\files-2.1\org.lwjgl\lwjgl-nfd\3.3.0\eabaa0a7dcf9597d6a11c2d706431fd884dd84d9\lwjgl-nfd-3.3.0-natives-windows.jar;C:\Users\Yahya-YA\.gradle\caches\modules-2\files-2.1\org.lwjgl\lwjgl-openal\3.3.0\902dd57b5a46e8a75ee843c2db61f80b4d130d48\lwjgl-openal-3.3.0.jar;C:\Users\Yahya-YA\.gradle\caches\modules-2\files-2.1\org.lwjgl\lwjgl-openal\3.3.0\d6e59a987bd196b9a7ce161db41fe1727b0d88f\lwjgl-openal-3.3.0-natives-windows.jar;C:\Users\Yahya-YA\.gradle\caches\modules-2\files-2.1\org.lwjgl\lwjgl-opengl\3.3.0\a1f395f7758a3abd5aff75fc8a20368ac371631e\lwjgl-opengl-3.3.0.jar;C:\Users\Yahya-YA\.gradle\caches\modules-2\files-2.1\org.lwjgl\lwjgl-opengl\3.3.0\de52e197709c8d03cb386ed7b3b4ce8b96a339f3\lwjgl-opengl-3.3.0-natives-windows.jar;C:\Users\Yahya-YA\.gradle\caches\modules-2\files-2.1\org.lwjgl\lwjgl-stb\3.3.0\69becce49e19671fccca33bfb273231055bd9fcf\lwjgl-stb-3.3.0.jar;C:\Users\Yahya-YA\.gradle\caches\modules-2\files-2.1\org.lwjgl\lwjgl-stb\3.3.0\58994705dc03cca4da31ab850edfae51cfbff74c\lwjgl-stb-3.3.0-natives-windows.jar;C:\Users\
Launcher Type: SUN_STANDARD

[Global flags]
     intx CICompilerCount                          = 4                                         {product} {ergonomic}
     uint ConcGCThreads                            = 2                                         {product} {ergonomic}
     uint G1ConcRefinementThreads                  = 8                                         {product} {ergonomic}
   size_t G1HeapRegionSize                         = 1048576                                   {product} {ergonomic}
    uintx GCDrainStackTargetSize                   = 64                                        {product} {ergonomic}
   size_t InitialHeapSize                          = 268435456                                 {product} {ergonomic}
   size_t MarkStackSize                            = 4194304                                   {product} {ergonomic}
   size_t MaxHeapSize                              = 4267704320                                {product} {ergonomic}
   size_t MaxNewSize                               = 2560622592                                {product} {ergonomic}
   size_t MinHeapDeltaBytes                        = 1048576                                   {product} {ergonomic}
   size_t MinHeapSize                              = 8388608                                   {product} {ergonomic}
    uintx NonNMethodCodeHeapSize                   = 5839372                                {pd product} {ergonomic}
    uintx NonProfiledCodeHeapSize                  = 122909434                              {pd product} {ergonomic}
    uintx ProfiledCodeHeapSize                     = 122909434                              {pd product} {ergonomic}
    uintx ReservedCodeCacheSize                    = 251658240                              {pd product} {ergonomic}
     bool SegmentedCodeCache                       = true                                      {product} {ergonomic}
   size_t SoftMaxHeapSize                          = 4267704320                             {manageable} {ergonomic}
     bool UseCompressedClassPointers               = true                                 {lp64_product} {ergonomic}
     bool UseCompressedOops                        = true                                 {lp64_product} {ergonomic}
     bool UseG1GC                                  = true                                      {product} {ergonomic}
     bool UseLargePagesIndividualAllocation        = false                                  {pd product} {ergonomic}

Logging:
Log output configuration:
 #0: stdout all=warning uptime,level,tags
 #1: stderr all=off uptime,level,tags

Environment Variables:
JAVA_HOME=C:\Users\Yahya-YA\AppData\Local\Programs\AdoptOpenJDK\;C:\Program Files\Java\jdk-14\bin\;
PATH=C:\Program Files (x86)\Google\Chrome\Application;C:\Program Files\NVIDIA GPU Computing Toolkit\CUDA\v10.1\bin;C:\Program Files\NVIDIA GPU Computing Toolkit\CUDA\v10.1\libnvvp;C:\Python39\Scripts\;C:\Python39\;C:\Program Files (x86)\Common Files\Oracle\Java\javapath;C:\ProgramData\Oracle\Java\javapath;C:\Program Files (x86)\Intel\iCLS Client\;C:\Program Files\Intel\iCLS Client\;C:\Windows\system32;C:\Windows;C:\Windows\System32\Wbem;C:\Windows\System32\WindowsPowerShell\v1.0\;C:\Program Files (x86)\NVIDIA Corporation\PhysX\Common;C:\Program Files (x86)\Intel\Intel(R) Management Engine Components\DAL;C:\Program Files\Intel\Intel(R) Management Engine Components\DAL;C:\Program Files (x86)\Intel\Intel(R) Management Engine Components\IPT;C:\Program Files\Intel\Intel(R) Management Engine Components\IPT;C:\WINDOWS\system32;C:\WINDOWS;C:\WINDOWS\System32\Wbem;C:\WINDOWS\System32\WindowsPowerShell\v1.0\;C:\WINDOWS\System32\OpenSSH\;C:\Program Files\NVIDIA Corporation\NVIDIA NvDLISR;C:\Program Files\dotnet\;C:\WINDOWS\system32;C:\WINDOWS;C:\WINDOWS\System32\Wbem;C:\WINDOWS\System32\WindowsPowerShell\v1.0\;C:\WINDOWS\System32\OpenSSH\;C:\TDM-GCC-64\bin;C:\Users\Yahya-YA\AppData\Local\Programs\Python\Python37\Scripts;C:\php-7.4.8;C:\Program Files\nodejs\;C:\ProgramData\chocolatey\bin;C:\vhdl\0.37-mingw32-mcode\bin;C:\vhdl\gtkwave\bin;C:\Program Files\NVIDIA Corporation\Nsight Compute 2019.1\;C:\Program Files\Git\cmd;C:\ProgramData\ComposerSetup\bin;C:\Users\Yahya-YA\AppData\Local\Programs\AdoptOpenJDK\bin;C:\Users\Yahya-YA\AppData\Local\Programs\Python\Python38-32\Scripts\;C:\Users\Yahya-YA\AppData\Local\Programs\Python\Python38-32\;C:\Program Files (x86)\Common Files\Oracle\Java\javapath;C:\ProgramData\Oracle\Java\javapath;C:\Program Files (x86)\Intel\iCLS Client\;C:\Program Files\Intel\iCLS Client\;C:\Windows\system32;C:\Windows;C:\Windows\System32\Wbem;C:\Windows\System32\WindowsPowerShell\v1.0\;C:\Program Files (x86)\NVIDIA Corporation\PhysX\Common;C:\Program Files (x86)\I
USERNAME=Yahya-YA
OS=Windows_NT
PROCESSOR_IDENTIFIER=Intel64 Family 6 Model 158 Stepping 9, GenuineIntel



---------------  S Y S T E M  ---------------

OS: Windows 10 , 64 bit Build 19041 (10.0.19041.1348)
OS uptime: 0 days 3:53 hours
HyperV virtualization detected

CPU:total 8 (initial active 8) (4 cores per cpu, 2 threads per core) family 6 model 158 stepping 9, cmov, cx8, fxsr, mmx, sse, sse2, sse3, ssse3, sse4.1, sse4.2, popcnt, avx, avx2, aes, clmul, erms, 3dnowpref, lzcnt, ht, tsc, tscinvbit, bmi1, bmi2, adx, fma

Memory: 4k page, system-wide physical 16276M (7217M free)
TotalPageFile size 18324M (AvailPageFile size 5765M)
current process WorkingSet (physical memory assigned to process): 105M, peak: 107M
current process commit charge ("private bytes"): 412M, peak: 413M

vm_info: Java HotSpot(TM) 64-Bit Server VM (14+36-1461) for windows-amd64 JRE (14+36-1461), built on Feb  6 2020 19:08:04 by "mach5one" with MS VC++ 15.9 (VS2017)

END.
